<?xml version="1.0" encoding="UTF-8"?>
<testsuite name="qa.quru.allure.LableTest" tests="1" skipped="0" failures="0" errors="0" timestamp="2022-12-10T18:40:59" hostname="CX640" time="0.493">
  <properties/>
  <testcase name="Создание" classname="qa.quru.allure.LableTest" time="0.493"/>
  <system-out><![CDATA[]]></system-out>
  <system-err><![CDATA[]]></system-err>
</testsuite>
